  main.cpp
C:\Program Files (x86)\Microsoft Visual Studio\2019\Professional\VC\Tools\MSVC\14.20.27508\include\vector(1638): warning C4251: 'std::vector<S2D::Input::Keys,std::allocator<_Ty>>::_Mypair': class 'std::_Compressed_pair<std::allocator<_Ty>,std::_Vector_val<std::_Simple_types<_Ty>>,true>' needs to have dll-interface to be used by clients of class 'std::vector<S2D::Input::Keys,std::allocator<_Ty>>'
          with
          [
              _Ty=S2D::Input::Keys
          ]
  C:\Program Files (x86)\Microsoft Visual Studio\2019\Professional\VC\Tools\MSVC\14.20.27508\include\vector(1638): note: see declaration of 'std::_Compressed_pair<std::allocator<_Ty>,std::_Vector_val<std::_Simple_types<_Ty>>,true>'
          with
          [
              _Ty=S2D::Input::Keys
          ]
  C:\Users\s012103j\OneDrive - Staffordshire University\Pacman\PacmanGame\Pacman\S2D\Input.h(108): note: see reference to class template instantiation 'std::vector<S2D::Input::Keys,std::allocator<_Ty>>' being compiled
          with
          [
              _Ty=S2D::Input::Keys
          ]
  Pacman.cpp
C:\Program Files (x86)\Microsoft Visual Studio\2019\Professional\VC\Tools\MSVC\14.20.27508\include\vector(1638): warning C4251: 'std::vector<S2D::Input::Keys,std::allocator<_Ty>>::_Mypair': class 'std::_Compressed_pair<std::allocator<_Ty>,std::_Vector_val<std::_Simple_types<_Ty>>,true>' needs to have dll-interface to be used by clients of class 'std::vector<S2D::Input::Keys,std::allocator<_Ty>>'
          with
          [
              _Ty=S2D::Input::Keys
          ]
  C:\Program Files (x86)\Microsoft Visual Studio\2019\Professional\VC\Tools\MSVC\14.20.27508\include\vector(1638): note: see declaration of 'std::_Compressed_pair<std::allocator<_Ty>,std::_Vector_val<std::_Simple_types<_Ty>>,true>'
          with
          [
              _Ty=S2D::Input::Keys
          ]
  C:\Users\s012103j\OneDrive - Staffordshire University\Pacman\PacmanGame\Pacman\S2D\Input.h(108): note: see reference to class template instantiation 'std::vector<S2D::Input::Keys,std::allocator<_Ty>>' being compiled
          with
          [
              _Ty=S2D::Input::Keys
          ]
C:\Users\s012103j\OneDrive - Staffordshire University\Pacman\PacmanGame\Pacman\Pacman.cpp(18): warning C4244: 'argument': conversion from 'time_t' to 'unsigned int', possible loss of data
C:\Users\s012103j\OneDrive - Staffordshire University\Pacman\PacmanGame\Pacman\Pacman.cpp(96): warning C4156: deletion of an array expression without using the array form of 'delete'; array form substituted
C:\Users\s012103j\OneDrive - Staffordshire University\Pacman\PacmanGame\Pacman\Pacman.cpp(96): warning C4154: deletion of an array expression; conversion to pointer supplied
C:\Users\s012103j\OneDrive - Staffordshire University\Pacman\PacmanGame\Pacman\Pacman.cpp(119): warning C4244: 'argument': conversion from 'int' to 'float', possible loss of data
C:\Users\s012103j\OneDrive - Staffordshire University\Pacman\PacmanGame\Pacman\Pacman.cpp(142): warning C4244: 'argument': conversion from 'int' to 'float', possible loss of data
C:\Users\s012103j\OneDrive - Staffordshire University\Pacman\PacmanGame\Pacman\Pacman.cpp(241): warning C4244: 'argument': conversion from 'int' to 'float', possible loss of data
C:\Users\s012103j\OneDrive - Staffordshire University\Pacman\PacmanGame\Pacman\Pacman.cpp(250): warning C4244: '=': conversion from 'int' to 'float', possible loss of data
C:\Users\s012103j\OneDrive - Staffordshire University\Pacman\PacmanGame\Pacman\Pacman.cpp(251): warning C4244: '=': conversion from 'int' to 'float', possible loss of data
C:\Users\s012103j\OneDrive - Staffordshire University\Pacman\PacmanGame\Pacman\Pacman.cpp(278): warning C4244: '=': conversion from 'int' to 'float', possible loss of data
C:\Users\s012103j\OneDrive - Staffordshire University\Pacman\PacmanGame\Pacman\Pacman.cpp(283): warning C4244: '=': conversion from 'int' to 'float', possible loss of data
C:\Users\s012103j\OneDrive - Staffordshire University\Pacman\PacmanGame\Pacman\Pacman.cpp(288): warning C4244: '=': conversion from 'int' to 'float', possible loss of data
C:\Users\s012103j\OneDrive - Staffordshire University\Pacman\PacmanGame\Pacman\Pacman.cpp(293): warning C4244: '=': conversion from 'int' to 'float', possible loss of data
C:\Users\s012103j\OneDrive - Staffordshire University\Pacman\PacmanGame\Pacman\Pacman.cpp(311): warning C4244: '=': conversion from 'int' to 'float', possible loss of data
C:\Users\s012103j\OneDrive - Staffordshire University\Pacman\PacmanGame\Pacman\Pacman.cpp(312): warning C4244: '=': conversion from 'int' to 'float', possible loss of data
C:\Users\s012103j\OneDrive - Staffordshire University\Pacman\PacmanGame\Pacman\Pacman.cpp(332): warning C4244: '=': conversion from 'int' to 'float', possible loss of data
C:\Users\s012103j\OneDrive - Staffordshire University\Pacman\PacmanGame\Pacman\Pacman.cpp(348): warning C4244: '=': conversion from 'int' to 'float', possible loss of data
C:\Users\s012103j\OneDrive - Staffordshire University\Pacman\PacmanGame\Pacman\Pacman.cpp(352): warning C4244: 'initializing': conversion from 'float' to 'int', possible loss of data
C:\Users\s012103j\OneDrive - Staffordshire University\Pacman\PacmanGame\Pacman\Pacman.cpp(354): warning C4244: 'initializing': conversion from 'float' to 'int', possible loss of data
C:\Users\s012103j\OneDrive - Staffordshire University\Pacman\PacmanGame\Pacman\Pacman.cpp(356): warning C4244: 'initializing': conversion from 'float' to 'int', possible loss of data
C:\Users\s012103j\OneDrive - Staffordshire University\Pacman\PacmanGame\Pacman\Pacman.cpp(358): warning C4244: 'initializing': conversion from 'float' to 'int', possible loss of data
C:\Users\s012103j\OneDrive - Staffordshire University\Pacman\PacmanGame\Pacman\Pacman.cpp(364): warning C4244: '=': conversion from 'float' to 'int', possible loss of data
C:\Users\s012103j\OneDrive - Staffordshire University\Pacman\PacmanGame\Pacman\Pacman.cpp(365): warning C4244: '=': conversion from 'float' to 'int', possible loss of data
C:\Users\s012103j\OneDrive - Staffordshire University\Pacman\PacmanGame\Pacman\Pacman.cpp(366): warning C4244: '=': conversion from 'float' to 'int', possible loss of data
C:\Users\s012103j\OneDrive - Staffordshire University\Pacman\PacmanGame\Pacman\Pacman.cpp(367): warning C4244: '=': conversion from 'float' to 'int', possible loss of data
C:\Users\s012103j\OneDrive - Staffordshire University\Pacman\PacmanGame\Pacman\Pacman.cpp(396): warning C4244: '=': conversion from 'int' to 'float', possible loss of data
C:\Users\s012103j\OneDrive - Staffordshire University\Pacman\PacmanGame\Pacman\Pacman.cpp(402): warning C4244: '=': conversion from 'int' to 'float', possible loss of data
C:\Users\s012103j\OneDrive - Staffordshire University\Pacman\PacmanGame\Pacman\Pacman.cpp(408): warning C4244: '=': conversion from 'int' to 'float', possible loss of data
C:\Users\s012103j\OneDrive - Staffordshire University\Pacman\PacmanGame\Pacman\Pacman.cpp(414): warning C4244: '=': conversion from 'int' to 'float', possible loss of data
C:\Users\s012103j\OneDrive - Staffordshire University\Pacman\PacmanGame\Pacman\Pacman.cpp(422): warning C4244: 'initializing': conversion from 'float' to 'int', possible loss of data
C:\Users\s012103j\OneDrive - Staffordshire University\Pacman\PacmanGame\Pacman\Pacman.cpp(424): warning C4244: 'initializing': conversion from 'float' to 'int', possible loss of data
C:\Users\s012103j\OneDrive - Staffordshire University\Pacman\PacmanGame\Pacman\Pacman.cpp(426): warning C4244: 'initializing': conversion from 'float' to 'int', possible loss of data
C:\Users\s012103j\OneDrive - Staffordshire University\Pacman\PacmanGame\Pacman\Pacman.cpp(428): warning C4244: 'initializing': conversion from 'float' to 'int', possible loss of data
C:\Users\s012103j\OneDrive - Staffordshire University\Pacman\PacmanGame\Pacman\Pacman.cpp(434): warning C4244: '=': conversion from 'float' to 'int', possible loss of data
C:\Users\s012103j\OneDrive - Staffordshire University\Pacman\PacmanGame\Pacman\Pacman.cpp(435): warning C4244: '=': conversion from 'float' to 'int', possible loss of data
C:\Users\s012103j\OneDrive - Staffordshire University\Pacman\PacmanGame\Pacman\Pacman.cpp(436): warning C4244: '=': conversion from 'float' to 'int', possible loss of data
C:\Users\s012103j\OneDrive - Staffordshire University\Pacman\PacmanGame\Pacman\Pacman.cpp(437): warning C4244: '=': conversion from 'float' to 'int', possible loss of data
  Generating Code...
  Pacman.vcxproj -> C:\Users\s012103j\OneDrive - Staffordshire University\Pacman\PacmanGame\Debug\Pacman.exe
